<?xml version="1.0" encoding="UTF-8"?>
<testng-results skipped="0" failed="0" ignored="0" total="1" passed="1">
  <reporter-output>
  </reporter-output>
  <suite name="Selenium Automation Framework" duration-ms="28" started-at="2021-05-17T11:09:23Z" finished-at="2021-05-17T11:09:23Z">
    <groups>
    </groups>
    <test name="Different Selenium  featutres" duration-ms="28" started-at="2021-05-17T11:09:23Z" finished-at="2021-05-17T11:09:23Z">
      <class name="com.qa.tests.DevopsTest">
        <test-method status="PASS" signature="test2()[pri:2, instance:com.qa.tests.DevopsTest@3ac3fd8b]" name="test2" duration-ms="6" started-at="2021-05-17T11:09:23Z" finished-at="2021-05-17T11:09:23Z">
          <reporter-output>
          </reporter-output>
        </test-method> <!-- test2 -->
      </class> <!-- com.qa.tests.DevopsTest -->
    </test> <!-- Different Selenium  featutres -->
  </suite> <!-- Selenium Automation Framework -->
</testng-results>
