<?xml version="1.0" encoding="UTF-8"?>
<testng-results skipped="0" failed="0" ignored="0" total="2" passed="2">
  <reporter-output>
  </reporter-output>
  <suite name="Default suite" duration-ms="17031" started-at="2021-05-17T13:19:07Z" finished-at="2021-05-17T13:19:24Z">
    <groups>
    </groups>
    <test name="Default test" duration-ms="17031" started-at="2021-05-17T13:19:07Z" finished-at="2021-05-17T13:19:24Z">
      <class name="com.qa.tests.DevopsTest">
        <test-method status="PASS" signature="test1()[pri:1, instance:com.qa.tests.DevopsTest@59fa1d9b]" name="test1" duration-ms="17012" started-at="2021-05-17T13:19:07Z" finished-at="2021-05-17T13:19:24Z">
          <reporter-output>
          </reporter-output>
        </test-method> <!-- test1 -->
        <test-method status="PASS" signature="test2()[pri:2, instance:com.qa.tests.DevopsTest@59fa1d9b]" name="test2" duration-ms="3" started-at="2021-05-17T13:19:24Z" finished-at="2021-05-17T13:19:24Z">
          <reporter-output>
          </reporter-output>
        </test-method> <!-- test2 -->
      </class> <!-- com.qa.tests.DevopsTest -->
    </test> <!-- Default test -->
  </suite> <!-- Default suite -->
</testng-results>
